<?xml version="1.0" encoding="UTF-8"?>
<TestRun id="37cd9089-0c8b-41df-9cca-64f4d4517edf" name="Royal@ROYAL-PC 2014-01-31 12:30:05" runUser="Royal-PC\Royal" xmlns="http://microsoft.com/schemas/VisualStudio/TeamTest/2010">
  <TestSettings name="Local" id="505c923a-104d-4a03-b450-c7cc4890602c">
    <Description>These are default test settings for a local test run.</Description>
    <Deployment enabled="false" runDeploymentRoot="Royal_ROYAL-PC 2014-01-31 12_30_05">
      <DeploymentItem filename="C:\Program Files\Accord.NET\Framework\Release\ZedGraph.dll" />
      <DeploymentItem filename="C:\Emgu\emgucv-windows-x86 2.2.1.1150\bin\Emgu.CV.GPU.dll" />
      <DeploymentItem filename="C:\Users\Royal\documents\visual studio 2010\Projects\Face tracking (Camshift)\bin\x86\Debug\Accord.Vision.dll" />
      <DeploymentItem filename="C:\Users\Royal\documents\visual studio 2010\Projects\Face tracking (Camshift)\bin\x86\Debug\AForge.Imaging.Formats.dll" />
      <DeploymentItem filename="C:\Emgu\emgucv-windows-x86 2.2.1.1150\bin\Emgu.CV.ML.dll" />
      <DeploymentItem filename="C:\Emgu\emgucv-windows-x86 2.2.1.1150\bin\Emgu.CV.DebuggerVisualizers.VS2010.dll" />
      <DeploymentItem filename="C:\Emgu\emgucv-windows-x86 2.2.1.1150\bin\Emgu.Util.dll" />
      <DeploymentItem filename="C:\Users\Royal\documents\visual studio 2010\Projects\Player\Player\bin\Debug\Player.exe" />
      <DeploymentItem filename="C:\Program Files\NUnit 2.6.3\bin\framework\nunit.framework.dll" />
      <DeploymentItem filename="C:\Emgu\emgucv-windows-x86 2.2.1.1150\bin\Emgu.CV.UI.dll" />
      <DeploymentItem filename="C:\Emgu\emgucv-windows-x86 2.2.1.1150\bin\Emgu.CV.DebuggerVisualizers.VS2008.dll" />
      <DeploymentItem filename="C:\Users\Royal\documents\visual studio 2010\Projects\Face tracking (Camshift)\bin\x86\Debug\AForge.Imaging.dll" />
      <DeploymentItem filename="C:\Emgu\emgucv-windows-x86 2.2.1.1150\bin\Emgu.CV.dll" />
    </Deployment>
    <Execution>
      <TestTypeSpecific />
      <AgentRule name="Execution Agents">
      </AgentRule>
    </Execution>
  </TestSettings>
  <Times creation="2014-01-31T12:30:05.0404652-08:00" queuing="2014-01-31T12:30:09.0696957-08:00" start="2014-01-31T12:30:09.4577178-08:00" finish="2014-01-31T12:30:10.7067893-08:00" />
  <ResultSummary outcome="Failed">
    <Counters total="1" executed="1" error="0" failed="1" timeout="0" aborted="0" inconclusive="0" passedButRunAborted="0" notRunnable="0" notExecuted="0" disconnected="0" warning="0" passed="0" completed="0" inProgress="0" pending="0" />
  </ResultSummary>
  <TestDefinitions>
    <UnitTest name="InitializeTrackerTest" storage="c:\users\royal\documents\visual studio 2010\projects\player\ourunittests\bin\debug\ourunittests.dll" id="978b60d3-554b-db2f-5c36-78ec17fa1f50">
      <Execution id="d70bb00a-0bb1-4d33-8cb0-cbb98e7c70d5" />
      <TestMethod codeBase="C:/Users/Royal/documents/visual studio 2010/Projects/Player/OurUnitTests/bin/Debug/OurUnitTests.DLL" adapterTypeName="Microsoft.VisualStudio.TestTools.TestTypes.Unit.UnitTestAdapter, Microsoft.VisualStudio.QualityTools.Tips.UnitTest.Adapter, Version=10.0.0.0, Culture=neutral, PublicKeyToken=b03f5f7f11d50a3a" className="OurUnitTests.FaceTest, OurUnitTests, Version=1.0.0.0, Culture=neutral, PublicKeyToken=null" name="InitializeTrackerTest" />
    </UnitTest>
  </TestDefinitions>
  <TestLists>
    <TestList name="Results Not in a List" id="8c84fa94-04c1-424b-9868-57a2d4851a1d" />
    <TestList name="All Loaded Results" id="19431567-8539-422a-85d7-44ee4e166bda" />
  </TestLists>
  <TestEntries>
    <TestEntry testId="978b60d3-554b-db2f-5c36-78ec17fa1f50" executionId="d70bb00a-0bb1-4d33-8cb0-cbb98e7c70d5" testListId="8c84fa94-04c1-424b-9868-57a2d4851a1d" />
  </TestEntries>
  <Results>
    <UnitTestResult executionId="d70bb00a-0bb1-4d33-8cb0-cbb98e7c70d5" testId="978b60d3-554b-db2f-5c36-78ec17fa1f50" testName="InitializeTrackerTest" computerName="ROYAL-PC" duration="00:00:00.3205651" startTime="2014-01-31T12:30:09.6887311-08:00" endTime="2014-01-31T12:30:10.5147783-08:00" testType="13cdc9d9-ddb5-4fa4-a97d-d965ccfc6d4b" outcome="Failed" testListId="8c84fa94-04c1-424b-9868-57a2d4851a1d" relativeResultsDirectory="d70bb00a-0bb1-4d33-8cb0-cbb98e7c70d5">
      <Output>
        <ErrorInfo>
          <Message>Test method OurUnitTests.FaceTest.InitializeTrackerTest threw exception: 
System.NullReferenceException: Object reference not set to an instance of an object.</Message>
          <StackTrace>    at Player.Entities.Face.InitializeTracker(Image`2 image) in C:\Users\Royal\documents\visual studio 2010\Projects\Player\Player\Entities\Face.cs:line 34
   at Player.Entities.Face..ctor(String name, Rectangle face_rect, Image`2 image) in C:\Users\Royal\documents\visual studio 2010\Projects\Player\Player\Entities\Face.cs:line 28
   at OurUnitTests.FaceTest.InitializeTrackerTest() in C:\Users\Royal\documents\visual studio 2010\Projects\Player\OurUnitTests\FaceTest.cs:line 124
</StackTrace>
        </ErrorInfo>
      </Output>
    </UnitTestResult>
  </Results>
</TestRun>