<?xml version="1.0" encoding="UTF-8"?>
<TestRun id="db8ea1c4-269e-4442-8955-bf1324e0f773" name="Royal@ROYAL-PC 2014-01-31 12:41:36" runUser="Royal-PC\Royal" xmlns="http://microsoft.com/schemas/VisualStudio/TeamTest/2010">
  <TestSettings name="Local" id="505c923a-104d-4a03-b450-c7cc4890602c">
    <Description>These are default test settings for a local test run.</Description>
    <Deployment enabled="false" runDeploymentRoot="Royal_ROYAL-PC 2014-01-31 12_41_36">
      <DeploymentItem filename="C:\Program Files\Accord.NET\Framework\Release\ZedGraph.dll" />
      <DeploymentItem filename="C:\Emgu\emgucv-windows-x86 2.2.1.1150\bin\Emgu.CV.GPU.dll" />
      <DeploymentItem filename="C:\Users\Royal\documents\visual studio 2010\Projects\Face tracking (Camshift)\bin\x86\Debug\Accord.Vision.dll" />
      <DeploymentItem filename="C:\Users\Royal\documents\visual studio 2010\Projects\Face tracking (Camshift)\bin\x86\Debug\AForge.Imaging.Formats.dll" />
      <DeploymentItem filename="C:\Emgu\emgucv-windows-x86 2.2.1.1150\bin\Emgu.CV.ML.dll" />
      <DeploymentItem filename="C:\Emgu\emgucv-windows-x86 2.2.1.1150\bin\Emgu.CV.DebuggerVisualizers.VS2010.dll" />
      <DeploymentItem filename="C:\Emgu\emgucv-windows-x86 2.2.1.1150\bin\Emgu.Util.dll" />
      <DeploymentItem filename="C:\Users\Royal\documents\visual studio 2010\Projects\Player\Player\bin\Debug\Player.exe" />
      <DeploymentItem filename="C:\Program Files\NUnit 2.6.3\bin\framework\nunit.framework.dll" />
      <DeploymentItem filename="C:\Emgu\emgucv-windows-x86 2.2.1.1150\bin\Emgu.CV.UI.dll" />
      <DeploymentItem filename="C:\Emgu\emgucv-windows-x86 2.2.1.1150\bin\Emgu.CV.DebuggerVisualizers.VS2008.dll" />
      <DeploymentItem filename="C:\Users\Royal\documents\visual studio 2010\Projects\Face tracking (Camshift)\bin\x86\Debug\AForge.Imaging.dll" />
      <DeploymentItem filename="C:\Emgu\emgucv-windows-x86 2.2.1.1150\bin\Emgu.CV.dll" />
    </Deployment>
    <Execution>
      <TestTypeSpecific />
      <AgentRule name="Execution Agents">
      </AgentRule>
    </Execution>
  </TestSettings>
  <Times creation="2014-01-31T12:41:36.3120037-08:00" queuing="2014-01-31T12:41:36.3250044-08:00" start="2014-01-31T12:41:36.4050090-08:00" finish="2014-01-31T12:41:37.2720586-08:00" />
  <ResultSummary outcome="Completed">
    <Counters total="1" executed="1" passed="1" error="0" failed="0" timeout="0" aborted="0" inconclusive="0" passedButRunAborted="0" notRunnable="0" notExecuted="0" disconnected="0" warning="0" completed="0" inProgress="0" pending="0" />
  </ResultSummary>
  <TestDefinitions>
    <UnitTest name="InitializeTrackerTest" storage="c:\users\royal\documents\visual studio 2010\projects\player\ourunittests\bin\debug\ourunittests.dll" id="978b60d3-554b-db2f-5c36-78ec17fa1f50">
      <Execution id="0327f7d8-c70c-43c1-8a0a-8d29814ae094" />
      <TestMethod codeBase="C:/Users/Royal/documents/visual studio 2010/Projects/Player/OurUnitTests/bin/Debug/OurUnitTests.DLL" adapterTypeName="Microsoft.VisualStudio.TestTools.TestTypes.Unit.UnitTestAdapter, Microsoft.VisualStudio.QualityTools.Tips.UnitTest.Adapter, Version=10.0.0.0, Culture=neutral, PublicKeyToken=b03f5f7f11d50a3a" className="OurUnitTests.FaceTest, OurUnitTests, Version=1.0.0.0, Culture=neutral, PublicKeyToken=null" name="InitializeTrackerTest" />
    </UnitTest>
  </TestDefinitions>
  <TestLists>
    <TestList name="Results Not in a List" id="8c84fa94-04c1-424b-9868-57a2d4851a1d" />
    <TestList name="All Loaded Results" id="19431567-8539-422a-85d7-44ee4e166bda" />
  </TestLists>
  <TestEntries>
    <TestEntry testId="978b60d3-554b-db2f-5c36-78ec17fa1f50" executionId="0327f7d8-c70c-43c1-8a0a-8d29814ae094" testListId="8c84fa94-04c1-424b-9868-57a2d4851a1d" />
  </TestEntries>
  <Results>
    <UnitTestResult executionId="0327f7d8-c70c-43c1-8a0a-8d29814ae094" testId="978b60d3-554b-db2f-5c36-78ec17fa1f50" testName="InitializeTrackerTest" computerName="ROYAL-PC" duration="00:00:00.2822394" startTime="2014-01-31T12:41:36.6040204-08:00" endTime="2014-01-31T12:41:37.1810534-08:00" testType="13cdc9d9-ddb5-4fa4-a97d-d965ccfc6d4b" outcome="Passed" testListId="8c84fa94-04c1-424b-9868-57a2d4851a1d" relativeResultsDirectory="0327f7d8-c70c-43c1-8a0a-8d29814ae094">
    </UnitTestResult>
  </Results>
</TestRun>