<?xml version="1.0" encoding="UTF-8"?>
<TestRun id="2ba0ebbe-f70a-495e-b5c6-e68f2c540db2" name="Royal@ROYAL-PC 2014-01-30 14:57:15" runUser="Royal-PC\Royal" xmlns="http://microsoft.com/schemas/VisualStudio/TeamTest/2010">
  <TestSettings name="Local" id="505c923a-104d-4a03-b450-c7cc4890602c">
    <Description>These are default test settings for a local test run.</Description>
    <Deployment enabled="false" runDeploymentRoot="Royal_ROYAL-PC 2014-01-30 14_57_15">
      <DeploymentItem filename="C:\Emgu\emgucv-windows-x86 2.2.1.1150\bin\Emgu.CV.dll" />
      <DeploymentItem filename="C:\Emgu\emgucv-windows-x86 2.2.1.1150\bin\Emgu.CV.DebuggerVisualizers.VS2010.dll" />
      <DeploymentItem filename="C:\Emgu\emgucv-windows-x86 2.2.1.1150\bin\Emgu.Util.dll" />
      <DeploymentItem filename="C:\Users\Royal\documents\visual studio 2010\Projects\Face tracking (Camshift)\bin\x86\Debug\AForge.Imaging.dll" />
      <DeploymentItem filename="C:\Emgu\emgucv-windows-x86 2.2.1.1150\bin\Emgu.CV.DebuggerVisualizers.VS2008.dll" />
      <DeploymentItem filename="C:\Emgu\emgucv-windows-x86 2.2.1.1150\bin\Emgu.CV.ML.dll" />
      <DeploymentItem filename="C:\Users\Royal\documents\visual studio 2010\Projects\Face tracking (Camshift)\bin\x86\Debug\Accord.Vision.dll" />
      <DeploymentItem filename="C:\Users\Royal\documents\visual studio 2010\Projects\Face tracking (Camshift)\bin\x86\Debug\AForge.Imaging.Formats.dll" />
      <DeploymentItem filename="C:\Emgu\emgucv-windows-x86 2.2.1.1150\bin\Emgu.CV.GPU.dll" />
      <DeploymentItem filename="C:\Users\Royal\Documents\Visual Studio 2010\Projects\Player\Player\bin\Debug\Player.exe" />
      <DeploymentItem filename="C:\Program Files\Accord.NET\Framework\Release\ZedGraph.dll" />
      <DeploymentItem filename="C:\Emgu\emgucv-windows-x86 2.2.1.1150\bin\Emgu.CV.UI.dll" />
    </Deployment>
    <Execution>
      <TestTypeSpecific />
      <AgentRule name="Execution Agents">
      </AgentRule>
    </Execution>
  </TestSettings>
  <Times creation="2014-01-30T14:57:15.5953804-08:00" queuing="2014-01-30T14:57:18.9005694-08:00" start="2014-01-30T14:57:19.5566069-08:00" finish="2014-01-30T14:57:21.7007296-08:00" />
  <ResultSummary outcome="Failed">
    <Counters total="1" executed="1" error="0" failed="1" timeout="0" aborted="0" inconclusive="0" passedButRunAborted="0" notRunnable="0" notExecuted="0" disconnected="0" warning="0" passed="0" completed="0" inProgress="0" pending="0" />
  </ResultSummary>
  <TestDefinitions>
    <UnitTest name="DetectFacesInFrameTest" storage="c:\users\royal\documents\visual studio 2010\projects\player\ourunittests\bin\debug\ourunittests.dll" id="ccbbe254-8c9c-2a6c-a9b1-29ecbac11822">
      <Execution id="55bf274e-3b9f-45b4-9e8b-738fb7e4ed91" />
      <TestMethod codeBase="C:/Users/Royal/documents/visual studio 2010/Projects/Player/OurUnitTests/bin/Debug/OurUnitTests.DLL" adapterTypeName="Microsoft.VisualStudio.TestTools.TestTypes.Unit.UnitTestAdapter, Microsoft.VisualStudio.QualityTools.Tips.UnitTest.Adapter, Version=10.0.0.0, Culture=neutral, PublicKeyToken=b03f5f7f11d50a3a" className="OurUnitTests.CameraManagerTest, OurUnitTests, Version=1.0.0.0, Culture=neutral, PublicKeyToken=null" name="DetectFacesInFrameTest" />
    </UnitTest>
  </TestDefinitions>
  <TestLists>
    <TestList name="Results Not in a List" id="8c84fa94-04c1-424b-9868-57a2d4851a1d" />
    <TestList name="All Loaded Results" id="19431567-8539-422a-85d7-44ee4e166bda" />
  </TestLists>
  <TestEntries>
    <TestEntry testId="ccbbe254-8c9c-2a6c-a9b1-29ecbac11822" executionId="55bf274e-3b9f-45b4-9e8b-738fb7e4ed91" testListId="8c84fa94-04c1-424b-9868-57a2d4851a1d" />
  </TestEntries>
  <Results>
    <UnitTestResult executionId="55bf274e-3b9f-45b4-9e8b-738fb7e4ed91" testId="ccbbe254-8c9c-2a6c-a9b1-29ecbac11822" testName="DetectFacesInFrameTest" computerName="ROYAL-PC" duration="00:00:00.8231807" startTime="2014-01-30T14:57:19.6616129-08:00" endTime="2014-01-30T14:57:21.3237080-08:00" testType="13cdc9d9-ddb5-4fa4-a97d-d965ccfc6d4b" outcome="Failed" testListId="8c84fa94-04c1-424b-9868-57a2d4851a1d" relativeResultsDirectory="55bf274e-3b9f-45b4-9e8b-738fb7e4ed91">
      <Output>
        <DebugTrace>face rectangles found=1
face rectangle found
face rectangle found
Index was outside the bounds of the array.
</DebugTrace>
        <ErrorInfo>
          <Message>Test method OurUnitTests.CameraManagerTest.DetectFacesInFrameTest threw exception: 
System.NullReferenceException: Object reference not set to an instance of an object.</Message>
          <StackTrace>    at OurUnitTests.CameraManagerTest.DetectFacesInFrameTest() in C:\Users\Royal\documents\visual studio 2010\Projects\Player\OurUnitTests\CameraManagerTest.cs:line 94
</StackTrace>
        </ErrorInfo>
      </Output>
    </UnitTestResult>
  </Results>
</TestRun>